<?xml version="1.0" encoding="utf-8"?><testsuites name="pytest tests"><testsuite name="pytest" errors="0" failures="0" skipped="0" tests="8" time="1.545" timestamp="2026-04-21T20:10:09.708114+00:00" hostname="agent-env-4cd83563-f7d6-4b24-bf1e-d13aaef72f8b"><testcase classname="backend.tests.test_progress_iter8" name="test_health" time="0.249" /><testcase classname="backend.tests.test_progress_iter8" name="test_root" time="0.168" /><testcase classname="backend.tests.test_progress_iter8" name="test_achievements_list" time="0.120" /><testcase classname="backend.tests.test_progress_iter8" name="test_progress_default" time="0.157" /><testcase classname="backend.tests.test_progress_iter8" name="test_progress_roundtrip_new_fields" time="0.215" /><testcase classname="backend.tests.test_progress_iter8" name="test_progress_update_overwrites" time="0.268" /><testcase classname="backend.tests.test_progress_iter8" name="test_score_submit" time="0.191" /><testcase classname="backend.tests.test_progress_iter8" name="test_enemy_sprites_available" time="0.000" /></testsuite></testsuites>