<?xml version="1.0" encoding="utf-8"?><testsuites name="pytest tests"><testsuite name="pytest" errors="0" failures="2" skipped="0" tests="18" time="3.518" timestamp="2026-04-21T21:49:32.299279+00:00" hostname="agent-env-4cd83563-f7d6-4b24-bf1e-d13aaef72f8b"><testcase classname="backend.tests.test_iter9_daily_speedrun" name="test_health" time="0.165" /><testcase classname="backend.tests.test_iter9_daily_speedrun" name="test_daily_challenge_shape" time="0.204" /><testcase classname="backend.tests.test_iter9_daily_speedrun" name="test_daily_challenge_deterministic" time="0.198" /><testcase classname="backend.tests.test_iter9_daily_speedrun" name="test_daily_completion_roundtrip" time="0.417" /><testcase classname="backend.tests.test_iter9_daily_speedrun" name="test_daily_completion_idempotent_upsert" time="0.266" /><testcase classname="backend.tests.test_iter9_daily_speedrun" name="test_speedrun_submit_and_list" time="0.281" /><testcase classname="backend.tests.test_iter9_daily_speedrun" name="test_speedrun_invalid_zero_ms" time="0.138"><failure message="assert 400 == 200&#10; +  where 400 = &lt;Response [400]&gt;.status_code">backend/tests/test_iter9_daily_speedrun.py:150: in test_speedrun_invalid_zero_ms
    assert r.status_code == 200
E   assert 400 == 200
E    +  where 400 = &lt;Response [400]&gt;.status_code</failure></testcase><testcase classname="backend.tests.test_iter9_daily_speedrun" name="test_speedrun_limit" time="0.155" /><testcase classname="backend.tests.test_iter9_daily_speedrun" name="test_progress_default_iter9" time="0.130" /><testcase classname="backend.tests.test_iter9_daily_speedrun" name="test_score_submit_iter9" time="0.131" /><testcase classname="backend.tests.test_progress_iter8" name="test_health" time="0.177" /><testcase classname="backend.tests.test_progress_iter8" name="test_root" time="0.133" /><testcase classname="backend.tests.test_progress_iter8" name="test_achievements_list" time="0.119" /><testcase classname="backend.tests.test_progress_iter8" name="test_progress_default" time="0.127" /><testcase classname="backend.tests.test_progress_iter8" name="test_progress_roundtrip_new_fields" time="0.230" /><testcase classname="backend.tests.test_progress_iter8" name="test_progress_update_overwrites" time="0.282" /><testcase classname="backend.tests.test_progress_iter8" name="test_score_submit" time="0.263" /><testcase classname="backend.tests.test_progress_iter8" name="test_enemy_sprites_available" time="0.001"><failure message="AssertionError: assert not True&#10; +  where True = &lt;function exists at 0xfef1d1843420&gt;('/app/frontend/public/enemies/flicker.png')&#10; +    where &lt;function exists at 0xfef1d1843420&gt; = &lt;module 'posixpath' (frozen)&gt;.exists&#10; +      where &lt;module 'posixpath' (frozen)&gt; = os.path">backend/tests/test_progress_iter8.py:152: in test_enemy_sprites_available
    assert not os.path.exists("/app/frontend/public/enemies/flicker.png")
E   AssertionError: assert not True
E    +  where True = &lt;function exists at 0xfef1d1843420&gt;('/app/frontend/public/enemies/flicker.png')
E    +    where &lt;function exists at 0xfef1d1843420&gt; = &lt;module 'posixpath' (frozen)&gt;.exists
E    +      where &lt;module 'posixpath' (frozen)&gt; = os.path</failure></testcase></testsuite></testsuites>