<?xml version="1.0" encoding="utf-8"?><testsuites name="pytest tests"><testsuite name="pytest" errors="0" failures="0" skipped="0" tests="10" time="2.057" timestamp="2026-04-21T20:30:29.780766+00:00" hostname="agent-env-4cd83563-f7d6-4b24-bf1e-d13aaef72f8b"><testcase classname="backend.tests.test_iter9_daily_speedrun" name="test_health" time="0.194" /><testcase classname="backend.tests.test_iter9_daily_speedrun" name="test_daily_challenge_shape" time="0.181" /><testcase classname="backend.tests.test_iter9_daily_speedrun" name="test_daily_challenge_deterministic" time="0.233" /><testcase classname="backend.tests.test_iter9_daily_speedrun" name="test_daily_completion_roundtrip" time="0.261" /><testcase classname="backend.tests.test_iter9_daily_speedrun" name="test_daily_completion_idempotent_upsert" time="0.254" /><testcase classname="backend.tests.test_iter9_daily_speedrun" name="test_speedrun_submit_and_list" time="0.207" /><testcase classname="backend.tests.test_iter9_daily_speedrun" name="test_speedrun_invalid_zero_ms" time="0.151" /><testcase classname="backend.tests.test_iter9_daily_speedrun" name="test_speedrun_limit" time="0.124" /><testcase classname="backend.tests.test_iter9_daily_speedrun" name="test_progress_default_iter9" time="0.153" /><testcase classname="backend.tests.test_iter9_daily_speedrun" name="test_score_submit_iter9" time="0.121" /></testsuite></testsuites>